1605162369912	geckodriver	INFO	Listening on 127.0.0.1:59966
1605162372966	mozrunner::runner	INFO	Running command: "C:\\Program Files\\Mozilla Firefox\\firefox.exe" "--marionette" "-foreground" "-no-remote" "-profile" "C:\\Users\\LENOVO\\AppData\\Local\\Temp\\rust_mozprofileDAZF6m"
Can't find symbol 'eglSwapBuffersWithDamageEXT'.
JavaScript error: resource://gre/modules/XULStore.jsm, line 66: Error: Can't find profile directory.
console.warn: SearchSettings: "get: No settings file exists, new profile?" (new Error("", "(unknown module)"))
1605162375223	Marionette	INFO	Listening on port 59976
1605162375588	Marionette	WARN	TLS certificate errors will be ignored for this session
1605162378326	Marionette	INFO	Stopped listening on port 59976

###!!! [Child][RunMessage] Error: Channel closing: too late to send/recv, messages will be lost


###!!! [Child][MessageChannel::SendAndWait] Error: Channel error: cannot send/recv

1605162378940	geckodriver	INFO	Listening on 127.0.0.1:60015
1605162381987	mozrunner::runner	INFO	Running command: "C:\\Program Files\\Mozilla Firefox\\firefox.exe" "--marionette" "-foreground" "-no-remote" "-profile" "C:\\Users\\LENOVO\\AppData\\Local\\Temp\\rust_mozprofileafKnPl"
Can't find symbol 'eglSwapBuffersWithDamageEXT'.
JavaScript error: resource://gre/modules/XULStore.jsm, line 66: Error: Can't find profile directory.
console.warn: SearchSettings: "get: No settings file exists, new profile?" (new Error("", "(unknown module)"))
1605162384073	Marionette	INFO	Listening on port 60024
1605162384123	Marionette	WARN	TLS certificate errors will be ignored for this session
1605162390531	Marionette	INFO	Stopped listening on port 60024

###!!! [Child][RunMessage] Error: Channel closing: too late to send/recv, messages will be lost


###!!! [Child][MessageChannel::SendAndWait] Error: Channel error: cannot send/recv

